[2024-03-08T13:39:09.985+0000] {manager.py:469} INFO - Processing files using up to 2 processes at a time 
[2024-03-08T13:39:09.985+0000] {manager.py:470} INFO - Process each file at most once every 30 seconds
[2024-03-08T13:39:09.986+0000] {manager.py:471} INFO - Checking for new files in /opt/airflow/dags every 300 seconds
[2024-03-08T13:39:09.986+0000] {manager.py:738} INFO - Searching for files in /opt/airflow/dags
[2024-03-08T13:39:09.989+0000] {manager.py:741} INFO - There are 0 files in /opt/airflow/dags
[2024-03-08T13:41:55.216+0000] {manager.py:451} INFO - Exiting gracefully upon receiving signal 15
[2024-03-08T13:42:42.614+0000] {manager.py:469} INFO - Processing files using up to 2 processes at a time 
[2024-03-08T13:42:42.614+0000] {manager.py:470} INFO - Process each file at most once every 30 seconds
[2024-03-08T13:42:42.615+0000] {manager.py:471} INFO - Checking for new files in /opt/airflow/dags every 300 seconds
[2024-03-08T13:42:42.615+0000] {manager.py:738} INFO - Searching for files in /opt/airflow/dags
[2024-03-08T13:42:42.617+0000] {manager.py:741} INFO - There are 0 files in /opt/airflow/dags
[2024-03-08T13:47:42.691+0000] {manager.py:738} INFO - Searching for files in /opt/airflow/dags
[2024-03-08T13:47:42.692+0000] {manager.py:741} INFO - There are 0 files in /opt/airflow/dags
[2024-03-08T13:52:42.790+0000] {manager.py:738} INFO - Searching for files in /opt/airflow/dags
[2024-03-08T13:52:42.793+0000] {manager.py:741} INFO - There are 0 files in /opt/airflow/dags
[2024-03-08T13:57:42.879+0000] {manager.py:738} INFO - Searching for files in /opt/airflow/dags
[2024-03-08T13:57:42.881+0000] {manager.py:741} INFO - There are 0 files in /opt/airflow/dags
[2024-03-08T14:02:42.957+0000] {manager.py:738} INFO - Searching for files in /opt/airflow/dags
[2024-03-08T14:02:42.958+0000] {manager.py:741} INFO - There are 0 files in /opt/airflow/dags
[2024-03-08T14:07:43.008+0000] {manager.py:738} INFO - Searching for files in /opt/airflow/dags
[2024-03-08T14:07:43.010+0000] {manager.py:741} INFO - There are 0 files in /opt/airflow/dags
[2024-03-08T15:18:19.922+0000] {manager.py:469} INFO - Processing files using up to 2 processes at a time 
[2024-03-08T15:18:19.923+0000] {manager.py:470} INFO - Process each file at most once every 30 seconds
[2024-03-08T15:18:19.923+0000] {manager.py:471} INFO - Checking for new files in /opt/airflow/dags every 300 seconds
[2024-03-08T15:18:19.923+0000] {manager.py:738} INFO - Searching for files in /opt/airflow/dags
[2024-03-08T15:18:19.926+0000] {manager.py:741} INFO - There are 0 files in /opt/airflow/dags
[2024-03-08T15:23:20.017+0000] {manager.py:738} INFO - Searching for files in /opt/airflow/dags
[2024-03-08T15:23:20.018+0000] {manager.py:741} INFO - There are 0 files in /opt/airflow/dags
[2024-03-08T15:28:20.048+0000] {manager.py:738} INFO - Searching for files in /opt/airflow/dags
[2024-03-08T15:28:20.050+0000] {manager.py:741} INFO - There are 0 files in /opt/airflow/dags
[2024-03-08T15:33:20.067+0000] {manager.py:738} INFO - Searching for files in /opt/airflow/dags
[2024-03-08T15:33:20.069+0000] {manager.py:741} INFO - There are 0 files in /opt/airflow/dags
[2024-03-08T15:38:20.086+0000] {manager.py:738} INFO - Searching for files in /opt/airflow/dags
[2024-03-08T15:38:20.088+0000] {manager.py:741} INFO - There are 0 files in /opt/airflow/dags
[2024-03-08T15:43:21.076+0000] {manager.py:738} INFO - Searching for files in /opt/airflow/dags
[2024-03-08T15:43:21.078+0000] {manager.py:741} INFO - There are 0 files in /opt/airflow/dags
[2024-03-08T15:48:21.096+0000] {manager.py:738} INFO - Searching for files in /opt/airflow/dags
[2024-03-08T15:48:21.098+0000] {manager.py:741} INFO - There are 0 files in /opt/airflow/dags
[2024-03-08T15:53:21.131+0000] {manager.py:738} INFO - Searching for files in /opt/airflow/dags
[2024-03-08T15:53:21.133+0000] {manager.py:741} INFO - There are 0 files in /opt/airflow/dags
[2024-03-08T15:58:21.164+0000] {manager.py:738} INFO - Searching for files in /opt/airflow/dags
[2024-03-08T15:58:21.166+0000] {manager.py:741} INFO - There are 0 files in /opt/airflow/dags
[2024-03-08T16:03:21.184+0000] {manager.py:738} INFO - Searching for files in /opt/airflow/dags
[2024-03-08T16:03:21.186+0000] {manager.py:741} INFO - There are 0 files in /opt/airflow/dags
[2024-03-08T16:08:21.244+0000] {manager.py:738} INFO - Searching for files in /opt/airflow/dags
[2024-03-08T16:08:21.248+0000] {manager.py:741} INFO - There are 0 files in /opt/airflow/dags
[2024-03-08T16:13:21.289+0000] {manager.py:738} INFO - Searching for files in /opt/airflow/dags
[2024-03-08T16:13:21.291+0000] {manager.py:741} INFO - There are 0 files in /opt/airflow/dags
[2024-03-08T16:18:21.310+0000] {manager.py:738} INFO - Searching for files in /opt/airflow/dags
[2024-03-08T16:18:21.312+0000] {manager.py:741} INFO - There are 0 files in /opt/airflow/dags
[2024-03-08T16:23:21.332+0000] {manager.py:738} INFO - Searching for files in /opt/airflow/dags
[2024-03-08T16:23:21.334+0000] {manager.py:741} INFO - There are 0 files in /opt/airflow/dags
[2024-03-08T16:28:21.370+0000] {manager.py:738} INFO - Searching for files in /opt/airflow/dags
[2024-03-08T16:28:21.372+0000] {manager.py:741} INFO - There are 0 files in /opt/airflow/dags
[2024-03-08T16:33:21.383+0000] {manager.py:738} INFO - Searching for files in /opt/airflow/dags
[2024-03-08T16:33:21.385+0000] {manager.py:741} INFO - There are 0 files in /opt/airflow/dags
[2024-03-08T16:38:21.397+0000] {manager.py:738} INFO - Searching for files in /opt/airflow/dags
[2024-03-08T16:38:21.399+0000] {manager.py:741} INFO - There are 0 files in /opt/airflow/dags
[2024-03-08T16:43:21.436+0000] {manager.py:738} INFO - Searching for files in /opt/airflow/dags
[2024-03-08T16:43:21.437+0000] {manager.py:741} INFO - There are 0 files in /opt/airflow/dags
[2024-03-08T16:48:21.474+0000] {manager.py:738} INFO - Searching for files in /opt/airflow/dags
[2024-03-08T16:48:21.476+0000] {manager.py:741} INFO - There are 0 files in /opt/airflow/dags
[2024-03-08T16:53:21.498+0000] {manager.py:738} INFO - Searching for files in /opt/airflow/dags
[2024-03-08T16:53:21.500+0000] {manager.py:741} INFO - There are 0 files in /opt/airflow/dags
[2024-03-08T16:58:21.528+0000] {manager.py:738} INFO - Searching for files in /opt/airflow/dags
[2024-03-08T16:58:21.530+0000] {manager.py:741} INFO - There are 0 files in /opt/airflow/dags
[2024-03-08T17:03:21.552+0000] {manager.py:738} INFO - Searching for files in /opt/airflow/dags
[2024-03-08T17:03:21.554+0000] {manager.py:741} INFO - There are 0 files in /opt/airflow/dags
[2024-03-08T17:08:22.552+0000] {manager.py:738} INFO - Searching for files in /opt/airflow/dags
[2024-03-08T17:08:22.554+0000] {manager.py:741} INFO - There are 0 files in /opt/airflow/dags
[2024-03-08T17:13:23.546+0000] {manager.py:738} INFO - Searching for files in /opt/airflow/dags
[2024-03-08T17:13:23.547+0000] {manager.py:741} INFO - There are 0 files in /opt/airflow/dags
[2024-03-08T17:18:24.545+0000] {manager.py:738} INFO - Searching for files in /opt/airflow/dags
[2024-03-08T17:18:24.547+0000] {manager.py:741} INFO - There are 0 files in /opt/airflow/dags
[2024-03-08T17:23:24.548+0000] {manager.py:738} INFO - Searching for files in /opt/airflow/dags
[2024-03-08T17:23:24.550+0000] {manager.py:741} INFO - There are 0 files in /opt/airflow/dags
[2024-03-08T17:28:24.584+0000] {manager.py:738} INFO - Searching for files in /opt/airflow/dags
[2024-03-08T17:28:24.586+0000] {manager.py:741} INFO - There are 0 files in /opt/airflow/dags
[2024-03-08T17:33:24.650+0000] {manager.py:738} INFO - Searching for files in /opt/airflow/dags
[2024-03-08T17:33:24.652+0000] {manager.py:741} INFO - There are 0 files in /opt/airflow/dags
[2024-03-08T17:38:24.698+0000] {manager.py:738} INFO - Searching for files in /opt/airflow/dags
[2024-03-08T17:38:24.700+0000] {manager.py:741} INFO - There are 0 files in /opt/airflow/dags
[2024-03-08T17:43:24.723+0000] {manager.py:738} INFO - Searching for files in /opt/airflow/dags
[2024-03-08T17:43:24.725+0000] {manager.py:741} INFO - There are 0 files in /opt/airflow/dags
[2024-03-08T17:48:24.756+0000] {manager.py:738} INFO - Searching for files in /opt/airflow/dags
[2024-03-08T17:48:24.758+0000] {manager.py:741} INFO - There are 0 files in /opt/airflow/dags
[2024-03-08T17:53:24.812+0000] {manager.py:738} INFO - Searching for files in /opt/airflow/dags
[2024-03-08T17:53:24.813+0000] {manager.py:741} INFO - There are 0 files in /opt/airflow/dags
[2024-03-08T17:58:24.840+0000] {manager.py:738} INFO - Searching for files in /opt/airflow/dags
[2024-03-08T17:58:24.841+0000] {manager.py:741} INFO - There are 0 files in /opt/airflow/dags
[2024-03-08T18:03:24.872+0000] {manager.py:738} INFO - Searching for files in /opt/airflow/dags
[2024-03-08T18:03:24.873+0000] {manager.py:741} INFO - There are 0 files in /opt/airflow/dags
[2024-03-08T18:08:24.903+0000] {manager.py:738} INFO - Searching for files in /opt/airflow/dags
[2024-03-08T18:08:24.905+0000] {manager.py:741} INFO - There are 0 files in /opt/airflow/dags
[2024-03-08T18:13:24.941+0000] {manager.py:738} INFO - Searching for files in /opt/airflow/dags
[2024-03-08T18:13:24.943+0000] {manager.py:741} INFO - There are 0 files in /opt/airflow/dags
[2024-03-08T18:18:24.977+0000] {manager.py:738} INFO - Searching for files in /opt/airflow/dags
[2024-03-08T18:18:24.978+0000] {manager.py:741} INFO - There are 0 files in /opt/airflow/dags
[2024-03-08T18:23:25.006+0000] {manager.py:738} INFO - Searching for files in /opt/airflow/dags
[2024-03-08T18:23:25.007+0000] {manager.py:741} INFO - There are 0 files in /opt/airflow/dags
[2024-03-08T18:28:25.054+0000] {manager.py:738} INFO - Searching for files in /opt/airflow/dags
[2024-03-08T18:28:25.056+0000] {manager.py:741} INFO - There are 0 files in /opt/airflow/dags
[2024-03-08T18:33:25.091+0000] {manager.py:738} INFO - Searching for files in /opt/airflow/dags
[2024-03-08T18:33:25.093+0000] {manager.py:741} INFO - There are 0 files in /opt/airflow/dags
[2024-03-08T18:38:25.124+0000] {manager.py:738} INFO - Searching for files in /opt/airflow/dags
[2024-03-08T18:38:25.125+0000] {manager.py:741} INFO - There are 0 files in /opt/airflow/dags
[2024-03-08T18:43:25.166+0000] {manager.py:738} INFO - Searching for files in /opt/airflow/dags
[2024-03-08T18:43:25.168+0000] {manager.py:741} INFO - There are 0 files in /opt/airflow/dags
[2024-03-08T18:48:25.210+0000] {manager.py:738} INFO - Searching for files in /opt/airflow/dags
[2024-03-08T18:48:25.212+0000] {manager.py:741} INFO - There are 0 files in /opt/airflow/dags
[2024-03-08T18:53:25.231+0000] {manager.py:738} INFO - Searching for files in /opt/airflow/dags
[2024-03-08T18:53:25.233+0000] {manager.py:741} INFO - There are 0 files in /opt/airflow/dags
[2024-03-08T18:58:25.262+0000] {manager.py:738} INFO - Searching for files in /opt/airflow/dags
[2024-03-08T18:58:25.264+0000] {manager.py:741} INFO - There are 0 files in /opt/airflow/dags
[2024-03-08T19:03:25.322+0000] {manager.py:738} INFO - Searching for files in /opt/airflow/dags
[2024-03-08T19:03:25.324+0000] {manager.py:741} INFO - There are 0 files in /opt/airflow/dags
[2024-03-08T19:08:25.372+0000] {manager.py:738} INFO - Searching for files in /opt/airflow/dags
[2024-03-08T19:08:25.374+0000] {manager.py:741} INFO - There are 0 files in /opt/airflow/dags
[2024-03-08T19:13:25.417+0000] {manager.py:738} INFO - Searching for files in /opt/airflow/dags
[2024-03-08T19:13:25.419+0000] {manager.py:741} INFO - There are 0 files in /opt/airflow/dags
[2024-03-08T19:18:25.468+0000] {manager.py:738} INFO - Searching for files in /opt/airflow/dags
[2024-03-08T19:18:25.469+0000] {manager.py:741} INFO - There are 0 files in /opt/airflow/dags
[2024-03-08T19:23:25.520+0000] {manager.py:738} INFO - Searching for files in /opt/airflow/dags
[2024-03-08T19:23:25.522+0000] {manager.py:741} INFO - There are 0 files in /opt/airflow/dags
[2024-03-08T19:28:25.553+0000] {manager.py:738} INFO - Searching for files in /opt/airflow/dags
[2024-03-08T19:28:25.554+0000] {manager.py:741} INFO - There are 0 files in /opt/airflow/dags
[2024-03-08T19:33:25.612+0000] {manager.py:738} INFO - Searching for files in /opt/airflow/dags
[2024-03-08T19:33:25.614+0000] {manager.py:741} INFO - There are 0 files in /opt/airflow/dags
[2024-03-08T19:38:25.677+0000] {manager.py:738} INFO - Searching for files in /opt/airflow/dags
[2024-03-08T19:38:25.679+0000] {manager.py:741} INFO - There are 0 files in /opt/airflow/dags
[2024-03-08T19:43:25.724+0000] {manager.py:738} INFO - Searching for files in /opt/airflow/dags
[2024-03-08T19:43:25.725+0000] {manager.py:741} INFO - There are 0 files in /opt/airflow/dags
[2024-03-08T19:48:25.781+0000] {manager.py:738} INFO - Searching for files in /opt/airflow/dags
[2024-03-08T19:48:25.783+0000] {manager.py:741} INFO - There are 0 files in /opt/airflow/dags
[2024-03-08T19:53:25.849+0000] {manager.py:738} INFO - Searching for files in /opt/airflow/dags
[2024-03-08T19:53:25.850+0000] {manager.py:741} INFO - There are 0 files in /opt/airflow/dags
[2024-03-08T19:58:25.907+0000] {manager.py:738} INFO - Searching for files in /opt/airflow/dags
[2024-03-08T19:58:25.908+0000] {manager.py:741} INFO - There are 0 files in /opt/airflow/dags
[2024-03-08T20:03:25.947+0000] {manager.py:738} INFO - Searching for files in /opt/airflow/dags
[2024-03-08T20:03:25.948+0000] {manager.py:741} INFO - There are 0 files in /opt/airflow/dags
[2024-03-08T20:08:25.993+0000] {manager.py:738} INFO - Searching for files in /opt/airflow/dags
[2024-03-08T20:08:25.995+0000] {manager.py:741} INFO - There are 0 files in /opt/airflow/dags
[2024-03-08T20:13:26.039+0000] {manager.py:738} INFO - Searching for files in /opt/airflow/dags
[2024-03-08T20:13:26.040+0000] {manager.py:741} INFO - There are 0 files in /opt/airflow/dags
[2024-03-08T20:18:26.094+0000] {manager.py:738} INFO - Searching for files in /opt/airflow/dags
[2024-03-08T20:18:26.096+0000] {manager.py:741} INFO - There are 0 files in /opt/airflow/dags
[2024-03-08T20:23:26.146+0000] {manager.py:738} INFO - Searching for files in /opt/airflow/dags
[2024-03-08T20:23:26.148+0000] {manager.py:741} INFO - There are 0 files in /opt/airflow/dags
[2024-03-08T20:28:26.186+0000] {manager.py:738} INFO - Searching for files in /opt/airflow/dags
[2024-03-08T20:28:26.188+0000] {manager.py:741} INFO - There are 0 files in /opt/airflow/dags
[2024-03-08T20:33:26.228+0000] {manager.py:738} INFO - Searching for files in /opt/airflow/dags
[2024-03-08T20:33:26.230+0000] {manager.py:741} INFO - There are 0 files in /opt/airflow/dags
[2024-03-08T20:38:26.271+0000] {manager.py:738} INFO - Searching for files in /opt/airflow/dags
[2024-03-08T20:38:26.273+0000] {manager.py:741} INFO - There are 0 files in /opt/airflow/dags
[2024-03-08T20:43:26.309+0000] {manager.py:738} INFO - Searching for files in /opt/airflow/dags
[2024-03-08T20:43:26.310+0000] {manager.py:741} INFO - There are 0 files in /opt/airflow/dags
[2024-03-08T20:48:26.342+0000] {manager.py:738} INFO - Searching for files in /opt/airflow/dags
[2024-03-08T20:48:26.344+0000] {manager.py:741} INFO - There are 0 files in /opt/airflow/dags
[2024-03-08T20:53:26.411+0000] {manager.py:738} INFO - Searching for files in /opt/airflow/dags
[2024-03-08T20:53:26.413+0000] {manager.py:741} INFO - There are 0 files in /opt/airflow/dags
[2024-03-08T20:58:26.456+0000] {manager.py:738} INFO - Searching for files in /opt/airflow/dags
[2024-03-08T20:58:26.458+0000] {manager.py:741} INFO - There are 0 files in /opt/airflow/dags
[2024-03-08T21:03:26.504+0000] {manager.py:738} INFO - Searching for files in /opt/airflow/dags
[2024-03-08T21:03:26.506+0000] {manager.py:741} INFO - There are 0 files in /opt/airflow/dags
[2024-03-08T21:08:26.565+0000] {manager.py:738} INFO - Searching for files in /opt/airflow/dags
[2024-03-08T21:08:26.567+0000] {manager.py:741} INFO - There are 0 files in /opt/airflow/dags
[2024-03-08T21:13:26.612+0000] {manager.py:738} INFO - Searching for files in /opt/airflow/dags
[2024-03-08T21:13:26.613+0000] {manager.py:741} INFO - There are 0 files in /opt/airflow/dags
[2024-03-08T21:18:26.654+0000] {manager.py:738} INFO - Searching for files in /opt/airflow/dags
[2024-03-08T21:18:26.656+0000] {manager.py:741} INFO - There are 0 files in /opt/airflow/dags
[2024-03-08T21:23:26.765+0000] {manager.py:738} INFO - Searching for files in /opt/airflow/dags
[2024-03-08T21:23:26.767+0000] {manager.py:741} INFO - There are 0 files in /opt/airflow/dags
[2024-03-08T21:28:26.834+0000] {manager.py:738} INFO - Searching for files in /opt/airflow/dags
[2024-03-08T21:28:26.836+0000] {manager.py:741} INFO - There are 0 files in /opt/airflow/dags
[2024-03-08T21:33:26.891+0000] {manager.py:738} INFO - Searching for files in /opt/airflow/dags
[2024-03-08T21:33:26.893+0000] {manager.py:741} INFO - There are 0 files in /opt/airflow/dags
[2024-03-08T21:38:26.939+0000] {manager.py:738} INFO - Searching for files in /opt/airflow/dags
[2024-03-08T21:38:26.941+0000] {manager.py:741} INFO - There are 0 files in /opt/airflow/dags
[2024-03-08T21:43:26.995+0000] {manager.py:738} INFO - Searching for files in /opt/airflow/dags
[2024-03-08T21:43:26.997+0000] {manager.py:741} INFO - There are 0 files in /opt/airflow/dags
[2024-03-08T21:48:27.046+0000] {manager.py:738} INFO - Searching for files in /opt/airflow/dags
[2024-03-08T21:48:27.048+0000] {manager.py:741} INFO - There are 0 files in /opt/airflow/dags
[2024-03-08T21:53:27.094+0000] {manager.py:738} INFO - Searching for files in /opt/airflow/dags
[2024-03-08T21:53:27.096+0000] {manager.py:741} INFO - There are 0 files in /opt/airflow/dags
[2024-03-08T21:58:27.135+0000] {manager.py:738} INFO - Searching for files in /opt/airflow/dags
[2024-03-08T21:58:27.137+0000] {manager.py:741} INFO - There are 0 files in /opt/airflow/dags
[2024-03-08T22:03:27.209+0000] {manager.py:738} INFO - Searching for files in /opt/airflow/dags
[2024-03-08T22:03:27.211+0000] {manager.py:741} INFO - There are 0 files in /opt/airflow/dags
[2024-03-08T22:08:27.261+0000] {manager.py:738} INFO - Searching for files in /opt/airflow/dags
[2024-03-08T22:08:27.262+0000] {manager.py:741} INFO - There are 0 files in /opt/airflow/dags
[2024-03-08T22:13:27.334+0000] {manager.py:738} INFO - Searching for files in /opt/airflow/dags
[2024-03-08T22:13:27.336+0000] {manager.py:741} INFO - There are 0 files in /opt/airflow/dags
[2024-03-08T22:18:27.381+0000] {manager.py:738} INFO - Searching for files in /opt/airflow/dags
[2024-03-08T22:18:27.383+0000] {manager.py:741} INFO - There are 0 files in /opt/airflow/dags
[2024-03-08T22:23:27.419+0000] {manager.py:738} INFO - Searching for files in /opt/airflow/dags
[2024-03-08T22:23:27.423+0000] {manager.py:741} INFO - There are 0 files in /opt/airflow/dags
[2024-03-08T22:28:27.445+0000] {manager.py:738} INFO - Searching for files in /opt/airflow/dags
[2024-03-08T22:28:27.446+0000] {manager.py:741} INFO - There are 0 files in /opt/airflow/dags
[2024-03-08T22:33:27.447+0000] {manager.py:738} INFO - Searching for files in /opt/airflow/dags
[2024-03-08T22:33:27.449+0000] {manager.py:741} INFO - There are 0 files in /opt/airflow/dags
[2024-03-08T22:38:28.447+0000] {manager.py:738} INFO - Searching for files in /opt/airflow/dags
[2024-03-08T22:38:28.449+0000] {manager.py:741} INFO - There are 0 files in /opt/airflow/dags
[2024-03-08T22:43:28.459+0000] {manager.py:738} INFO - Searching for files in /opt/airflow/dags
[2024-03-08T22:43:28.461+0000] {manager.py:741} INFO - There are 0 files in /opt/airflow/dags
[2024-03-08T22:48:28.460+0000] {manager.py:738} INFO - Searching for files in /opt/airflow/dags
[2024-03-08T22:48:28.462+0000] {manager.py:741} INFO - There are 0 files in /opt/airflow/dags
[2024-03-08T22:53:28.493+0000] {manager.py:738} INFO - Searching for files in /opt/airflow/dags
[2024-03-08T22:53:28.494+0000] {manager.py:741} INFO - There are 0 files in /opt/airflow/dags
[2024-03-08T22:58:28.567+0000] {manager.py:738} INFO - Searching for files in /opt/airflow/dags
[2024-03-08T22:58:28.569+0000] {manager.py:741} INFO - There are 0 files in /opt/airflow/dags
[2024-03-08T23:03:28.615+0000] {manager.py:738} INFO - Searching for files in /opt/airflow/dags
[2024-03-08T23:03:28.617+0000] {manager.py:741} INFO - There are 0 files in /opt/airflow/dags
[2024-03-08T23:08:28.672+0000] {manager.py:738} INFO - Searching for files in /opt/airflow/dags
[2024-03-08T23:08:28.674+0000] {manager.py:741} INFO - There are 0 files in /opt/airflow/dags
[2024-03-08T23:13:28.721+0000] {manager.py:738} INFO - Searching for files in /opt/airflow/dags
[2024-03-08T23:13:28.723+0000] {manager.py:741} INFO - There are 0 files in /opt/airflow/dags
[2024-03-08T23:18:28.789+0000] {manager.py:738} INFO - Searching for files in /opt/airflow/dags
[2024-03-08T23:18:28.791+0000] {manager.py:741} INFO - There are 0 files in /opt/airflow/dags
[2024-03-08T23:23:28.869+0000] {manager.py:738} INFO - Searching for files in /opt/airflow/dags
[2024-03-08T23:23:28.871+0000] {manager.py:741} INFO - There are 0 files in /opt/airflow/dags
[2024-03-08T23:28:28.932+0000] {manager.py:738} INFO - Searching for files in /opt/airflow/dags
[2024-03-08T23:28:28.934+0000] {manager.py:741} INFO - There are 0 files in /opt/airflow/dags
[2024-03-08T23:33:29.012+0000] {manager.py:738} INFO - Searching for files in /opt/airflow/dags
[2024-03-08T23:33:29.013+0000] {manager.py:741} INFO - There are 0 files in /opt/airflow/dags
[2024-03-08T23:38:29.079+0000] {manager.py:738} INFO - Searching for files in /opt/airflow/dags
[2024-03-08T23:38:29.081+0000] {manager.py:741} INFO - There are 0 files in /opt/airflow/dags
[2024-03-08T23:43:29.100+0000] {manager.py:738} INFO - Searching for files in /opt/airflow/dags
[2024-03-08T23:43:29.101+0000] {manager.py:741} INFO - There are 0 files in /opt/airflow/dags
[2024-03-08T23:48:29.106+0000] {manager.py:738} INFO - Searching for files in /opt/airflow/dags
[2024-03-08T23:48:29.108+0000] {manager.py:741} INFO - There are 0 files in /opt/airflow/dags
[2024-03-08T23:53:29.127+0000] {manager.py:738} INFO - Searching for files in /opt/airflow/dags
[2024-03-08T23:53:29.129+0000] {manager.py:741} INFO - There are 0 files in /opt/airflow/dags
[2024-03-08T23:58:29.128+0000] {manager.py:738} INFO - Searching for files in /opt/airflow/dags
[2024-03-08T23:58:29.129+0000] {manager.py:741} INFO - There are 0 files in /opt/airflow/dags
[2024-03-09T00:03:29.143+0000] {manager.py:738} INFO - Searching for files in /opt/airflow/dags
[2024-03-09T00:03:29.145+0000] {manager.py:741} INFO - There are 0 files in /opt/airflow/dags
[2024-03-09T00:08:29.156+0000] {manager.py:738} INFO - Searching for files in /opt/airflow/dags
[2024-03-09T00:08:29.158+0000] {manager.py:741} INFO - There are 0 files in /opt/airflow/dags
[2024-03-09T00:13:29.229+0000] {manager.py:738} INFO - Searching for files in /opt/airflow/dags
[2024-03-09T00:13:29.231+0000] {manager.py:741} INFO - There are 0 files in /opt/airflow/dags
[2024-03-09T00:18:29.341+0000] {manager.py:738} INFO - Searching for files in /opt/airflow/dags
[2024-03-09T00:18:29.342+0000] {manager.py:741} INFO - There are 0 files in /opt/airflow/dags
[2024-03-09T00:23:29.408+0000] {manager.py:738} INFO - Searching for files in /opt/airflow/dags
[2024-03-09T00:23:29.412+0000] {manager.py:741} INFO - There are 0 files in /opt/airflow/dags
[2024-03-09T00:28:29.465+0000] {manager.py:738} INFO - Searching for files in /opt/airflow/dags
[2024-03-09T00:28:29.467+0000] {manager.py:741} INFO - There are 0 files in /opt/airflow/dags
[2024-03-09T00:33:29.530+0000] {manager.py:738} INFO - Searching for files in /opt/airflow/dags
[2024-03-09T00:33:29.535+0000] {manager.py:741} INFO - There are 0 files in /opt/airflow/dags
[2024-03-09T00:38:29.601+0000] {manager.py:738} INFO - Searching for files in /opt/airflow/dags
[2024-03-09T00:38:29.617+0000] {manager.py:741} INFO - There are 1 files in /opt/airflow/dags
[2024-03-09T00:38:55.827+0000] {manager.py:879} INFO - 
================================================================================
DAG File Processing Stats

File Path                        PID    Runtime      # DAGs    # Errors  Last Runtime    Last Run
-------------------------------  -----  ---------  --------  ----------  --------------  -------------------
/opt/airflow/dags/bikroy_dag.py                           0           1  0.06s           2024-03-09T00:38:36
================================================================================
[2024-03-09T00:39:26.318+0000] {manager.py:879} INFO - 
================================================================================
DAG File Processing Stats

File Path                        PID    Runtime      # DAGs    # Errors  Last Runtime    Last Run
-------------------------------  -----  ---------  --------  ----------  --------------  -------------------
/opt/airflow/dags/bikroy_dag.py                           1           0  0.10s           2024-03-09T00:39:20
================================================================================
[2024-03-09T00:39:56.523+0000] {manager.py:879} INFO - 
================================================================================
DAG File Processing Stats

File Path                        PID    Runtime      # DAGs    # Errors  Last Runtime    Last Run
-------------------------------  -----  ---------  --------  ----------  --------------  -------------------
/opt/airflow/dags/bikroy_dag.py                           1           0  0.18s           2024-03-09T00:39:47
================================================================================
[2024-03-09T00:40:26.702+0000] {manager.py:879} INFO - 
================================================================================
DAG File Processing Stats

File Path                          PID  Runtime      # DAGs    # Errors  Last Runtime    Last Run
-------------------------------  -----  ---------  --------  ----------  --------------  -------------------
/opt/airflow/dags/bikroy_dag.py   6816  0.00s             1           0  0.10s           2024-03-09T00:40:00
================================================================================
[2024-03-09T00:40:57.132+0000] {manager.py:879} INFO - 
================================================================================
DAG File Processing Stats

File Path                        PID    Runtime      # DAGs    # Errors  Last Runtime    Last Run
-------------------------------  -----  ---------  --------  ----------  --------------  -------------------
/opt/airflow/dags/bikroy_dag.py                           1           0  0.09s           2024-03-09T00:40:44
================================================================================
[2024-03-09T00:41:27.269+0000] {manager.py:879} INFO - 
================================================================================
DAG File Processing Stats

File Path                        PID    Runtime      # DAGs    # Errors  Last Runtime    Last Run
-------------------------------  -----  ---------  --------  ----------  --------------  -------------------
/opt/airflow/dags/bikroy_dag.py                           1           0  0.14s           2024-03-09T00:41:14
================================================================================
[2024-03-09T00:41:57.442+0000] {manager.py:879} INFO - 
================================================================================
DAG File Processing Stats

File Path                        PID    Runtime      # DAGs    # Errors  Last Runtime    Last Run
-------------------------------  -----  ---------  --------  ----------  --------------  -------------------
/opt/airflow/dags/bikroy_dag.py                           0           1  0.05s           2024-03-09T00:41:56
================================================================================
[2024-03-09T00:42:27.625+0000] {manager.py:879} INFO - 
================================================================================
DAG File Processing Stats

File Path                        PID    Runtime      # DAGs    # Errors  Last Runtime    Last Run
-------------------------------  -----  ---------  --------  ----------  --------------  -------------------
/opt/airflow/dags/bikroy_dag.py                           0           1  0.04s           2024-03-09T00:42:25
================================================================================
[2024-03-09T00:42:57.783+0000] {manager.py:879} INFO - 
================================================================================
DAG File Processing Stats

File Path                        PID    Runtime      # DAGs    # Errors  Last Runtime    Last Run
-------------------------------  -----  ---------  --------  ----------  --------------  -------------------
/opt/airflow/dags/bikroy_dag.py                           1           0  0.15s           2024-03-09T00:42:35
================================================================================
[2024-03-09T00:43:28.044+0000] {manager.py:879} INFO - 
================================================================================
DAG File Processing Stats

File Path                        PID    Runtime      # DAGs    # Errors  Last Runtime    Last Run
-------------------------------  -----  ---------  --------  ----------  --------------  -------------------
/opt/airflow/dags/bikroy_dag.py                           1           0  0.08s           2024-03-09T00:43:05
================================================================================
[2024-03-09T00:43:30.052+0000] {manager.py:738} INFO - Searching for files in /opt/airflow/dags
[2024-03-09T00:43:30.060+0000] {manager.py:741} INFO - There are 1 files in /opt/airflow/dags
[2024-03-09T00:43:58.220+0000] {manager.py:879} INFO - 
================================================================================
DAG File Processing Stats

File Path                        PID    Runtime      # DAGs    # Errors  Last Runtime    Last Run
-------------------------------  -----  ---------  --------  ----------  --------------  -------------------
/opt/airflow/dags/bikroy_dag.py                           1           0  0.08s           2024-03-09T00:43:35
================================================================================
[2024-03-09T00:44:28.431+0000] {manager.py:879} INFO - 
================================================================================
DAG File Processing Stats

File Path                        PID    Runtime      # DAGs    # Errors  Last Runtime    Last Run
-------------------------------  -----  ---------  --------  ----------  --------------  -------------------
/opt/airflow/dags/bikroy_dag.py                           0           1  0.07s           2024-03-09T00:44:27
================================================================================
[2024-03-09T00:44:58.623+0000] {manager.py:879} INFO - 
================================================================================
DAG File Processing Stats

File Path                        PID    Runtime      # DAGs    # Errors  Last Runtime    Last Run
-------------------------------  -----  ---------  --------  ----------  --------------  -------------------
/opt/airflow/dags/bikroy_dag.py                           0           1  0.07s           2024-03-09T00:44:52
================================================================================
[2024-03-09T00:45:28.818+0000] {manager.py:879} INFO - 
================================================================================
DAG File Processing Stats

File Path                        PID    Runtime      # DAGs    # Errors  Last Runtime    Last Run
-------------------------------  -----  ---------  --------  ----------  --------------  -------------------
/opt/airflow/dags/bikroy_dag.py                           0           1  0.04s           2024-03-09T00:45:14
================================================================================
[2024-03-09T00:45:58.962+0000] {manager.py:879} INFO - 
================================================================================
DAG File Processing Stats

File Path                        PID    Runtime      # DAGs    # Errors  Last Runtime    Last Run
-------------------------------  -----  ---------  --------  ----------  --------------  -------------------
/opt/airflow/dags/bikroy_dag.py                           0           1  0.04s           2024-03-09T00:45:44
================================================================================
[2024-03-09T00:46:29.105+0000] {manager.py:879} INFO - 
================================================================================
DAG File Processing Stats

File Path                        PID    Runtime      # DAGs    # Errors  Last Runtime    Last Run
-------------------------------  -----  ---------  --------  ----------  --------------  -------------------
/opt/airflow/dags/bikroy_dag.py                           0           1  0.04s           2024-03-09T00:46:15
================================================================================
[2024-03-09T00:46:59.251+0000] {manager.py:879} INFO - 
================================================================================
DAG File Processing Stats

File Path                        PID    Runtime      # DAGs    # Errors  Last Runtime    Last Run
-------------------------------  -----  ---------  --------  ----------  --------------  -------------------
/opt/airflow/dags/bikroy_dag.py                           0           1  0.04s           2024-03-09T00:46:43
================================================================================
[2024-03-09T00:47:29.433+0000] {manager.py:879} INFO - 
================================================================================
DAG File Processing Stats

File Path                        PID    Runtime      # DAGs    # Errors  Last Runtime    Last Run
-------------------------------  -----  ---------  --------  ----------  --------------  -------------------
/opt/airflow/dags/bikroy_dag.py                           0           1  0.05s           2024-03-09T00:47:17
================================================================================
[2024-03-09T00:47:59.568+0000] {manager.py:879} INFO - 
================================================================================
DAG File Processing Stats

File Path                        PID    Runtime      # DAGs    # Errors  Last Runtime    Last Run
-------------------------------  -----  ---------  --------  ----------  --------------  -------------------
/opt/airflow/dags/bikroy_dag.py                           0           1  0.04s           2024-03-09T00:47:47
================================================================================
[2024-03-09T00:48:29.719+0000] {manager.py:879} INFO - 
================================================================================
DAG File Processing Stats

File Path                        PID    Runtime      # DAGs    # Errors  Last Runtime    Last Run
-------------------------------  -----  ---------  --------  ----------  --------------  -------------------
/opt/airflow/dags/bikroy_dag.py                           0           1  0.05s           2024-03-09T00:48:17
================================================================================
[2024-03-09T00:48:30.723+0000] {manager.py:738} INFO - Searching for files in /opt/airflow/dags
[2024-03-09T00:48:30.731+0000] {manager.py:741} INFO - There are 1 files in /opt/airflow/dags
[2024-03-09T00:48:59.875+0000] {manager.py:879} INFO - 
================================================================================
DAG File Processing Stats

File Path                        PID    Runtime      # DAGs    # Errors  Last Runtime    Last Run
-------------------------------  -----  ---------  --------  ----------  --------------  -------------------
/opt/airflow/dags/bikroy_dag.py                           0           1  0.04s           2024-03-09T00:48:47
================================================================================
[2024-03-09T00:49:30.011+0000] {manager.py:879} INFO - 
================================================================================
DAG File Processing Stats

File Path                        PID    Runtime      # DAGs    # Errors  Last Runtime    Last Run
-------------------------------  -----  ---------  --------  ----------  --------------  -------------------
/opt/airflow/dags/bikroy_dag.py                           0           1  0.04s           2024-03-09T00:49:17
================================================================================
[2024-03-09T00:50:00.153+0000] {manager.py:879} INFO - 
================================================================================
DAG File Processing Stats

File Path                        PID    Runtime      # DAGs    # Errors  Last Runtime    Last Run
-------------------------------  -----  ---------  --------  ----------  --------------  -------------------
/opt/airflow/dags/bikroy_dag.py                           0           1  0.05s           2024-03-09T00:49:48
================================================================================
[2024-03-09T00:50:27.282+0000] {manager.py:1129} WARNING - Skipping processing of missing file: /opt/airflow/dags/bikroy_dag.py
[2024-03-09T00:53:30.944+0000] {manager.py:738} INFO - Searching for files in /opt/airflow/dags
[2024-03-09T00:53:30.961+0000] {manager.py:741} INFO - There are 1 files in /opt/airflow/dags
[2024-03-09T00:53:30.980+0000] {manager.py:879} INFO - 
================================================================================
DAG File Processing Stats

File Path                                PID  Runtime      # DAGs    # Errors  Last Runtime    Last Run
-------------------------------------  -----  ---------  --------  ----------  --------------  ----------
/opt/airflow/dags/scrape_this_site.py   7002  0.00s             0           0
================================================================================
[2024-03-09T00:54:01.119+0000] {manager.py:879} INFO - 
================================================================================
DAG File Processing Stats

File Path                                PID  Runtime      # DAGs    # Errors  Last Runtime    Last Run
-------------------------------------  -----  ---------  --------  ----------  --------------  -------------------
/opt/airflow/dags/scrape_this_site.py   7009  0.00s             0           1  0.05s           2024-03-09T00:53:31
================================================================================
[2024-03-09T00:54:31.314+0000] {manager.py:879} INFO - 
================================================================================
DAG File Processing Stats

File Path                              PID    Runtime      # DAGs    # Errors  Last Runtime    Last Run
-------------------------------------  -----  ---------  --------  ----------  --------------  -------------------
/opt/airflow/dags/scrape_this_site.py                           0           1  0.05s           2024-03-09T00:54:21
================================================================================
[2024-03-09T00:55:01.459+0000] {manager.py:879} INFO - 
================================================================================
DAG File Processing Stats

File Path                              PID    Runtime      # DAGs    # Errors  Last Runtime    Last Run
-------------------------------------  -----  ---------  --------  ----------  --------------  -------------------
/opt/airflow/dags/scrape_this_site.py                           0           1  0.04s           2024-03-09T00:54:51
================================================================================
[2024-03-09T00:55:31.605+0000] {manager.py:879} INFO - 
================================================================================
DAG File Processing Stats

File Path                              PID    Runtime      # DAGs    # Errors  Last Runtime    Last Run
-------------------------------------  -----  ---------  --------  ----------  --------------  -------------------
/opt/airflow/dags/scrape_this_site.py                           0           1  0.04s           2024-03-09T00:55:16
================================================================================
[2024-03-09T00:56:01.753+0000] {manager.py:879} INFO - 
================================================================================
DAG File Processing Stats

File Path                              PID    Runtime      # DAGs    # Errors  Last Runtime    Last Run
-------------------------------------  -----  ---------  --------  ----------  --------------  -------------------
/opt/airflow/dags/scrape_this_site.py                           0           1  0.04s           2024-03-09T00:55:46
================================================================================
[2024-03-09T00:56:31.902+0000] {manager.py:879} INFO - 
================================================================================
DAG File Processing Stats

File Path                              PID    Runtime      # DAGs    # Errors  Last Runtime    Last Run
-------------------------------------  -----  ---------  --------  ----------  --------------  -------------------
/opt/airflow/dags/scrape_this_site.py                           0           1  0.05s           2024-03-09T00:56:16
================================================================================
[2024-03-09T00:57:02.043+0000] {manager.py:879} INFO - 
================================================================================
DAG File Processing Stats

File Path                              PID    Runtime      # DAGs    # Errors  Last Runtime    Last Run
-------------------------------------  -----  ---------  --------  ----------  --------------  -------------------
/opt/airflow/dags/scrape_this_site.py                           0           1  0.04s           2024-03-09T00:56:47
================================================================================
[2024-03-09T00:57:32.187+0000] {manager.py:879} INFO - 
================================================================================
DAG File Processing Stats

File Path                              PID    Runtime      # DAGs    # Errors  Last Runtime    Last Run
-------------------------------------  -----  ---------  --------  ----------  --------------  -------------------
/opt/airflow/dags/scrape_this_site.py                           0           1  0.04s           2024-03-09T00:57:17
================================================================================
[2024-03-09T00:58:02.349+0000] {manager.py:879} INFO - 
================================================================================
DAG File Processing Stats

File Path                              PID    Runtime      # DAGs    # Errors  Last Runtime    Last Run
-------------------------------------  -----  ---------  --------  ----------  --------------  -------------------
/opt/airflow/dags/scrape_this_site.py                           0           1  0.05s           2024-03-09T00:57:33
================================================================================
[2024-03-09T00:58:31.510+0000] {manager.py:738} INFO - Searching for files in /opt/airflow/dags
[2024-03-09T00:58:31.522+0000] {manager.py:741} INFO - There are 1 files in /opt/airflow/dags
[2024-03-09T00:58:32.534+0000] {manager.py:879} INFO - 
================================================================================
DAG File Processing Stats

File Path                              PID    Runtime      # DAGs    # Errors  Last Runtime    Last Run
-------------------------------------  -----  ---------  --------  ----------  --------------  -------------------
/opt/airflow/dags/scrape_this_site.py                           0           1  0.05s           2024-03-09T00:58:30
================================================================================
[2024-03-09T00:59:02.768+0000] {manager.py:879} INFO - 
================================================================================
DAG File Processing Stats

File Path                              PID    Runtime      # DAGs    # Errors  Last Runtime    Last Run
-------------------------------------  -----  ---------  --------  ----------  --------------  -------------------
/opt/airflow/dags/scrape_this_site.py                           0           1  0.05s           2024-03-09T00:58:59
================================================================================
[2024-03-09T00:59:32.911+0000] {manager.py:879} INFO - 
================================================================================
DAG File Processing Stats

File Path                              PID    Runtime      # DAGs    # Errors  Last Runtime    Last Run
-------------------------------------  -----  ---------  --------  ----------  --------------  -------------------
/opt/airflow/dags/scrape_this_site.py                           0           1  0.04s           2024-03-09T00:59:29
================================================================================
[2024-03-09T01:00:03.049+0000] {manager.py:879} INFO - 
================================================================================
DAG File Processing Stats

File Path                              PID    Runtime      # DAGs    # Errors  Last Runtime    Last Run
-------------------------------------  -----  ---------  --------  ----------  --------------  -------------------
/opt/airflow/dags/scrape_this_site.py                           0           1  0.04s           2024-03-09T01:00:00
================================================================================
[2024-03-09T01:00:33.203+0000] {manager.py:879} INFO - 
================================================================================
DAG File Processing Stats

File Path                                PID  Runtime      # DAGs    # Errors  Last Runtime    Last Run
-------------------------------------  -----  ---------  --------  ----------  --------------  -------------------
/opt/airflow/dags/scrape_this_site.py   7106  0.00s             0           1  0.05s           2024-03-09T01:00:30
================================================================================
[2024-03-09T01:01:03.359+0000] {manager.py:879} INFO - 
================================================================================
DAG File Processing Stats

File Path                                PID  Runtime      # DAGs    # Errors  Last Runtime    Last Run
-------------------------------------  -----  ---------  --------  ----------  --------------  -------------------
/opt/airflow/dags/scrape_this_site.py   7113  0.00s             0           1  0.06s           2024-03-09T01:00:33
================================================================================
[2024-03-09T01:01:33.502+0000] {manager.py:879} INFO - 
================================================================================
DAG File Processing Stats

File Path                                PID  Runtime      # DAGs    # Errors  Last Runtime    Last Run
-------------------------------------  -----  ---------  --------  ----------  --------------  -------------------
/opt/airflow/dags/scrape_this_site.py   7120  0.00s             0           1  0.04s           2024-03-09T01:01:03
================================================================================
[2024-03-09T01:02:03.650+0000] {manager.py:879} INFO - 
================================================================================
DAG File Processing Stats

File Path                              PID    Runtime      # DAGs    # Errors  Last Runtime    Last Run
-------------------------------------  -----  ---------  --------  ----------  --------------  -------------------
/opt/airflow/dags/scrape_this_site.py                           0           1  0.05s           2024-03-09T01:02:01
================================================================================
[2024-03-09T01:02:33.794+0000] {manager.py:879} INFO - 
================================================================================
DAG File Processing Stats

File Path                              PID    Runtime      # DAGs    # Errors  Last Runtime    Last Run
-------------------------------------  -----  ---------  --------  ----------  --------------  -------------------
/opt/airflow/dags/scrape_this_site.py                           0           1  0.04s           2024-03-09T01:02:31
================================================================================
[2024-03-09T01:03:03.930+0000] {manager.py:879} INFO - 
================================================================================
DAG File Processing Stats

File Path                              PID    Runtime      # DAGs    # Errors  Last Runtime    Last Run
-------------------------------------  -----  ---------  --------  ----------  --------------  -------------------
/opt/airflow/dags/scrape_this_site.py                           0           1  0.04s           2024-03-09T01:03:01
================================================================================
[2024-03-09T01:03:32.078+0000] {manager.py:738} INFO - Searching for files in /opt/airflow/dags
[2024-03-09T01:03:32.094+0000] {manager.py:741} INFO - There are 1 files in /opt/airflow/dags
[2024-03-09T01:03:34.136+0000] {manager.py:879} INFO - 
================================================================================
DAG File Processing Stats

File Path                              PID    Runtime      # DAGs    # Errors  Last Runtime    Last Run
-------------------------------------  -----  ---------  --------  ----------  --------------  -------------------
/opt/airflow/dags/scrape_this_site.py                           0           1  0.09s           2024-03-09T01:03:32
================================================================================
[2024-03-09T01:04:04.325+0000] {manager.py:879} INFO - 
================================================================================
DAG File Processing Stats

File Path                              PID    Runtime      # DAGs    # Errors  Last Runtime    Last Run
-------------------------------------  -----  ---------  --------  ----------  --------------  -------------------
/opt/airflow/dags/scrape_this_site.py                           0           1  0.05s           2024-03-09T01:04:02
================================================================================
[2024-03-09T01:04:34.471+0000] {manager.py:879} INFO - 
================================================================================
DAG File Processing Stats

File Path                              PID    Runtime      # DAGs    # Errors  Last Runtime    Last Run
-------------------------------------  -----  ---------  --------  ----------  --------------  -------------------
/opt/airflow/dags/scrape_this_site.py                           0           1  0.04s           2024-03-09T01:04:32
================================================================================
[2024-03-09T01:05:04.620+0000] {manager.py:879} INFO - 
================================================================================
DAG File Processing Stats

File Path                              PID    Runtime      # DAGs    # Errors  Last Runtime    Last Run
-------------------------------------  -----  ---------  --------  ----------  --------------  -------------------
/opt/airflow/dags/scrape_this_site.py                           0           1  0.04s           2024-03-09T01:05:02
================================================================================
[2024-03-09T01:05:34.760+0000] {manager.py:879} INFO - 
================================================================================
DAG File Processing Stats

File Path                              PID    Runtime      # DAGs    # Errors  Last Runtime    Last Run
-------------------------------------  -----  ---------  --------  ----------  --------------  -------------------
/opt/airflow/dags/scrape_this_site.py                           0           1  0.05s           2024-03-09T01:05:32
================================================================================
[2024-03-09T01:06:04.906+0000] {manager.py:879} INFO - 
================================================================================
DAG File Processing Stats

File Path                              PID    Runtime      # DAGs    # Errors  Last Runtime    Last Run
-------------------------------------  -----  ---------  --------  ----------  --------------  -------------------
/opt/airflow/dags/scrape_this_site.py                           0           1  0.04s           2024-03-09T01:06:02
================================================================================
[2024-03-09T01:06:35.044+0000] {manager.py:879} INFO - 
================================================================================
DAG File Processing Stats

File Path                              PID    Runtime      # DAGs    # Errors  Last Runtime    Last Run
-------------------------------------  -----  ---------  --------  ----------  --------------  -------------------
/opt/airflow/dags/scrape_this_site.py                           0           1  0.04s           2024-03-09T01:06:33
================================================================================
[2024-03-09T01:07:05.183+0000] {manager.py:879} INFO - 
================================================================================
DAG File Processing Stats

File Path                              PID    Runtime      # DAGs    # Errors  Last Runtime    Last Run
-------------------------------------  -----  ---------  --------  ----------  --------------  -------------------
/opt/airflow/dags/scrape_this_site.py                           0           1  0.04s           2024-03-09T01:07:03
================================================================================
[2024-03-09T01:07:35.326+0000] {manager.py:879} INFO - 
================================================================================
DAG File Processing Stats

File Path                              PID    Runtime      # DAGs    # Errors  Last Runtime    Last Run
-------------------------------------  -----  ---------  --------  ----------  --------------  -------------------
/opt/airflow/dags/scrape_this_site.py                           0           1  0.05s           2024-03-09T01:07:33
================================================================================
[2024-03-09T01:08:05.470+0000] {manager.py:879} INFO - 
================================================================================
DAG File Processing Stats

File Path                              PID    Runtime      # DAGs    # Errors  Last Runtime    Last Run
-------------------------------------  -----  ---------  --------  ----------  --------------  -------------------
/opt/airflow/dags/scrape_this_site.py                           0           1  0.05s           2024-03-09T01:08:03
================================================================================
[2024-03-09T01:08:32.584+0000] {manager.py:738} INFO - Searching for files in /opt/airflow/dags
[2024-03-09T01:08:32.595+0000] {manager.py:741} INFO - There are 1 files in /opt/airflow/dags
[2024-03-09T01:08:35.626+0000] {manager.py:879} INFO - 
================================================================================
DAG File Processing Stats

File Path                              PID    Runtime      # DAGs    # Errors  Last Runtime    Last Run
-------------------------------------  -----  ---------  --------  ----------  --------------  -------------------
/opt/airflow/dags/scrape_this_site.py                           0           1  0.04s           2024-03-09T01:08:33
================================================================================
[2024-03-09T01:09:05.770+0000] {manager.py:879} INFO - 
================================================================================
DAG File Processing Stats

File Path                              PID    Runtime      # DAGs    # Errors  Last Runtime    Last Run
-------------------------------------  -----  ---------  --------  ----------  --------------  -------------------
/opt/airflow/dags/scrape_this_site.py                           0           1  0.04s           2024-03-09T01:09:03
================================================================================
[2024-03-09T01:09:35.953+0000] {manager.py:879} INFO - 
================================================================================
DAG File Processing Stats

File Path                              PID    Runtime      # DAGs    # Errors  Last Runtime    Last Run
-------------------------------------  -----  ---------  --------  ----------  --------------  -------------------
/opt/airflow/dags/scrape_this_site.py                           0           1  0.05s           2024-03-09T01:09:31
================================================================================
[2024-03-09T01:10:06.094+0000] {manager.py:879} INFO - 
================================================================================
DAG File Processing Stats

File Path                              PID    Runtime      # DAGs    # Errors  Last Runtime    Last Run
-------------------------------------  -----  ---------  --------  ----------  --------------  -------------------
/opt/airflow/dags/scrape_this_site.py                           0           1  0.04s           2024-03-09T01:10:02
================================================================================
[2024-03-09T01:10:19.851+0000] {manager.py:451} INFO - Exiting gracefully upon receiving signal 15
[2024-03-09T01:11:07.141+0000] {manager.py:469} INFO - Processing files using up to 2 processes at a time 
[2024-03-09T01:11:07.142+0000] {manager.py:470} INFO - Process each file at most once every 30 seconds
[2024-03-09T01:11:07.142+0000] {manager.py:471} INFO - Checking for new files in /opt/airflow/dags every 300 seconds
[2024-03-09T01:11:07.143+0000] {manager.py:738} INFO - Searching for files in /opt/airflow/dags
[2024-03-09T01:11:07.157+0000] {manager.py:741} INFO - There are 1 files in /opt/airflow/dags
[2024-03-09T01:11:07.231+0000] {manager.py:879} INFO - 
================================================================================
DAG File Processing Stats

File Path                                PID  Runtime      # DAGs    # Errors  Last Runtime    Last Run
-------------------------------------  -----  ---------  --------  ----------  --------------  ----------
/opt/airflow/dags/scrape_this_site.py     38  0.03s             0           0
================================================================================
[2024-03-09T01:11:37.370+0000] {manager.py:879} INFO - 
================================================================================
DAG File Processing Stats

File Path                                PID  Runtime      # DAGs    # Errors  Last Runtime    Last Run
-------------------------------------  -----  ---------  --------  ----------  --------------  -------------------
/opt/airflow/dags/scrape_this_site.py     45  0.00s             0           1  0.05s           2024-03-09T01:11:07
================================================================================
[2024-03-09T01:12:07.510+0000] {manager.py:879} INFO - 
================================================================================
DAG File Processing Stats

File Path                                PID  Runtime      # DAGs    # Errors  Last Runtime    Last Run
-------------------------------------  -----  ---------  --------  ----------  --------------  -------------------
/opt/airflow/dags/scrape_this_site.py     52  0.00s             0           1  0.05s           2024-03-09T01:11:37
================================================================================
[2024-03-09T01:12:37.662+0000] {manager.py:879} INFO - 
================================================================================
DAG File Processing Stats

File Path                              PID    Runtime      # DAGs    # Errors  Last Runtime    Last Run
-------------------------------------  -----  ---------  --------  ----------  --------------  -------------------
/opt/airflow/dags/scrape_this_site.py                           0           1  0.05s           2024-03-09T01:12:31
================================================================================
[2024-03-09T01:13:07.816+0000] {manager.py:879} INFO - 
================================================================================
DAG File Processing Stats

File Path                              PID    Runtime      # DAGs    # Errors  Last Runtime    Last Run
-------------------------------------  -----  ---------  --------  ----------  --------------  -------------------
/opt/airflow/dags/scrape_this_site.py                           0           1  0.04s           2024-03-09T01:13:01
================================================================================
[2024-03-09T01:13:37.962+0000] {manager.py:879} INFO - 
================================================================================
DAG File Processing Stats

File Path                              PID    Runtime      # DAGs    # Errors  Last Runtime    Last Run
-------------------------------------  -----  ---------  --------  ----------  --------------  -------------------
/opt/airflow/dags/scrape_this_site.py                           0           1  0.05s           2024-03-09T01:13:31
================================================================================
[2024-03-09T01:14:08.111+0000] {manager.py:879} INFO - 
================================================================================
DAG File Processing Stats

File Path                              PID    Runtime      # DAGs    # Errors  Last Runtime    Last Run
-------------------------------------  -----  ---------  --------  ----------  --------------  -------------------
/opt/airflow/dags/scrape_this_site.py                           0           1  0.04s           2024-03-09T01:14:02
================================================================================
[2024-03-09T01:14:38.253+0000] {manager.py:879} INFO - 
================================================================================
DAG File Processing Stats

File Path                              PID    Runtime      # DAGs    # Errors  Last Runtime    Last Run
-------------------------------------  -----  ---------  --------  ----------  --------------  -------------------
/opt/airflow/dags/scrape_this_site.py                           0           1  0.04s           2024-03-09T01:14:32
================================================================================
[2024-03-09T01:15:08.401+0000] {manager.py:879} INFO - 
================================================================================
DAG File Processing Stats

File Path                              PID    Runtime      # DAGs    # Errors  Last Runtime    Last Run
-------------------------------------  -----  ---------  --------  ----------  --------------  -------------------
/opt/airflow/dags/scrape_this_site.py                           0           1  0.04s           2024-03-09T01:15:02
================================================================================
[2024-03-09T01:15:38.546+0000] {manager.py:879} INFO - 
================================================================================
DAG File Processing Stats

File Path                              PID    Runtime      # DAGs    # Errors  Last Runtime    Last Run
-------------------------------------  -----  ---------  --------  ----------  --------------  -------------------
/opt/airflow/dags/scrape_this_site.py                           0           1  0.04s           2024-03-09T01:15:32
================================================================================
[2024-03-09T01:16:07.690+0000] {manager.py:738} INFO - Searching for files in /opt/airflow/dags
[2024-03-09T01:16:07.703+0000] {manager.py:741} INFO - There are 1 files in /opt/airflow/dags
[2024-03-09T01:16:08.718+0000] {manager.py:879} INFO - 
================================================================================
DAG File Processing Stats

File Path                              PID    Runtime      # DAGs    # Errors  Last Runtime    Last Run
-------------------------------------  -----  ---------  --------  ----------  --------------  -------------------
/opt/airflow/dags/scrape_this_site.py                           0           1  0.05s           2024-03-09T01:16:02
================================================================================
[2024-03-09T01:16:38.859+0000] {manager.py:879} INFO - 
================================================================================
DAG File Processing Stats

File Path                              PID    Runtime      # DAGs    # Errors  Last Runtime    Last Run
-------------------------------------  -----  ---------  --------  ----------  --------------  -------------------
/opt/airflow/dags/scrape_this_site.py                           0           1  0.04s           2024-03-09T01:16:32
================================================================================
[2024-03-09T01:17:09.004+0000] {manager.py:879} INFO - 
================================================================================
DAG File Processing Stats

File Path                              PID    Runtime      # DAGs    # Errors  Last Runtime    Last Run
-------------------------------------  -----  ---------  --------  ----------  --------------  -------------------
/opt/airflow/dags/scrape_this_site.py                           0           1  0.04s           2024-03-09T01:17:03
================================================================================
[2024-03-09T01:17:39.156+0000] {manager.py:879} INFO - 
================================================================================
DAG File Processing Stats

File Path                              PID    Runtime      # DAGs    # Errors  Last Runtime    Last Run
-------------------------------------  -----  ---------  --------  ----------  --------------  -------------------
/opt/airflow/dags/scrape_this_site.py                           0           1  0.04s           2024-03-09T01:17:33
================================================================================
[2024-03-09T01:18:09.304+0000] {manager.py:879} INFO - 
================================================================================
DAG File Processing Stats

File Path                              PID    Runtime      # DAGs    # Errors  Last Runtime    Last Run
-------------------------------------  -----  ---------  --------  ----------  --------------  -------------------
/opt/airflow/dags/scrape_this_site.py                           0           1  0.05s           2024-03-09T01:18:03
================================================================================
[2024-03-09T01:18:39.448+0000] {manager.py:879} INFO - 
================================================================================
DAG File Processing Stats

File Path                              PID    Runtime      # DAGs    # Errors  Last Runtime    Last Run
-------------------------------------  -----  ---------  --------  ----------  --------------  -------------------
/opt/airflow/dags/scrape_this_site.py                           0           1  0.05s           2024-03-09T01:18:33
================================================================================
[2024-03-09T01:19:09.598+0000] {manager.py:879} INFO - 
================================================================================
DAG File Processing Stats

File Path                              PID    Runtime      # DAGs    # Errors  Last Runtime    Last Run
-------------------------------------  -----  ---------  --------  ----------  --------------  -------------------
/opt/airflow/dags/scrape_this_site.py                           0           1  0.04s           2024-03-09T01:19:03
================================================================================
[2024-03-09T01:19:39.740+0000] {manager.py:879} INFO - 
================================================================================
DAG File Processing Stats

File Path                              PID    Runtime      # DAGs    # Errors  Last Runtime    Last Run
-------------------------------------  -----  ---------  --------  ----------  --------------  -------------------
/opt/airflow/dags/scrape_this_site.py                           0           1  0.04s           2024-03-09T01:19:33
================================================================================
[2024-03-09T01:20:09.887+0000] {manager.py:879} INFO - 
================================================================================
DAG File Processing Stats

File Path                              PID    Runtime      # DAGs    # Errors  Last Runtime    Last Run
-------------------------------------  -----  ---------  --------  ----------  --------------  -------------------
/opt/airflow/dags/scrape_this_site.py                           0           1  0.04s           2024-03-09T01:20:03
================================================================================
[2024-03-09T01:20:40.026+0000] {manager.py:879} INFO - 
================================================================================
DAG File Processing Stats

File Path                              PID    Runtime      # DAGs    # Errors  Last Runtime    Last Run
-------------------------------------  -----  ---------  --------  ----------  --------------  -------------------
/opt/airflow/dags/scrape_this_site.py                           0           1  0.05s           2024-03-09T01:20:34
================================================================================
[2024-03-09T01:21:08.151+0000] {manager.py:738} INFO - Searching for files in /opt/airflow/dags
[2024-03-09T01:21:08.163+0000] {manager.py:741} INFO - There are 1 files in /opt/airflow/dags
[2024-03-09T01:21:10.181+0000] {manager.py:879} INFO - 
================================================================================
DAG File Processing Stats

File Path                              PID    Runtime      # DAGs    # Errors  Last Runtime    Last Run
-------------------------------------  -----  ---------  --------  ----------  --------------  -------------------
/opt/airflow/dags/scrape_this_site.py                           0           1  0.04s           2024-03-09T01:21:04
================================================================================
[2024-03-09T01:21:40.319+0000] {manager.py:879} INFO - 
================================================================================
DAG File Processing Stats

File Path                              PID    Runtime      # DAGs    # Errors  Last Runtime    Last Run
-------------------------------------  -----  ---------  --------  ----------  --------------  -------------------
/opt/airflow/dags/scrape_this_site.py                           0           1  0.04s           2024-03-09T01:21:34
================================================================================
[2024-03-09T01:22:10.461+0000] {manager.py:879} INFO - 
================================================================================
DAG File Processing Stats

File Path                              PID    Runtime      # DAGs    # Errors  Last Runtime    Last Run
-------------------------------------  -----  ---------  --------  ----------  --------------  -------------------
/opt/airflow/dags/scrape_this_site.py                           0           1  0.04s           2024-03-09T01:22:04
================================================================================
[2024-03-09T01:22:40.599+0000] {manager.py:879} INFO - 
================================================================================
DAG File Processing Stats

File Path                              PID    Runtime      # DAGs    # Errors  Last Runtime    Last Run
-------------------------------------  -----  ---------  --------  ----------  --------------  -------------------
/opt/airflow/dags/scrape_this_site.py                           0           1  0.04s           2024-03-09T01:22:34
================================================================================
[2024-03-09T01:23:10.735+0000] {manager.py:879} INFO - 
================================================================================
DAG File Processing Stats

File Path                              PID    Runtime      # DAGs    # Errors  Last Runtime    Last Run
-------------------------------------  -----  ---------  --------  ----------  --------------  -------------------
/opt/airflow/dags/scrape_this_site.py                           0           1  0.04s           2024-03-09T01:23:04
================================================================================
[2024-03-09T01:23:40.873+0000] {manager.py:879} INFO - 
================================================================================
DAG File Processing Stats

File Path                              PID    Runtime      # DAGs    # Errors  Last Runtime    Last Run
-------------------------------------  -----  ---------  --------  ----------  --------------  -------------------
/opt/airflow/dags/scrape_this_site.py                           0           1  0.04s           2024-03-09T01:23:34
================================================================================
[2024-03-09T01:24:11.010+0000] {manager.py:879} INFO - 
================================================================================
DAG File Processing Stats

File Path                              PID    Runtime      # DAGs    # Errors  Last Runtime    Last Run
-------------------------------------  -----  ---------  --------  ----------  --------------  -------------------
/opt/airflow/dags/scrape_this_site.py                           0           1  0.04s           2024-03-09T01:24:05
================================================================================
[2024-03-09T01:24:41.148+0000] {manager.py:879} INFO - 
================================================================================
DAG File Processing Stats

File Path                              PID    Runtime      # DAGs    # Errors  Last Runtime    Last Run
-------------------------------------  -----  ---------  --------  ----------  --------------  -------------------
/opt/airflow/dags/scrape_this_site.py                           0           1  0.05s           2024-03-09T01:24:35
================================================================================
[2024-03-09T01:25:11.292+0000] {manager.py:879} INFO - 
================================================================================
DAG File Processing Stats

File Path                              PID    Runtime      # DAGs    # Errors  Last Runtime    Last Run
-------------------------------------  -----  ---------  --------  ----------  --------------  -------------------
/opt/airflow/dags/scrape_this_site.py                           0           1  0.04s           2024-03-09T01:25:05
================================================================================
[2024-03-09T01:25:41.431+0000] {manager.py:879} INFO - 
================================================================================
DAG File Processing Stats

File Path                              PID    Runtime      # DAGs    # Errors  Last Runtime    Last Run
-------------------------------------  -----  ---------  --------  ----------  --------------  -------------------
/opt/airflow/dags/scrape_this_site.py                           0           1  0.04s           2024-03-09T01:25:35
================================================================================
[2024-03-09T01:26:08.559+0000] {manager.py:738} INFO - Searching for files in /opt/airflow/dags
[2024-03-09T01:26:08.571+0000] {manager.py:741} INFO - There are 1 files in /opt/airflow/dags
[2024-03-09T01:26:11.592+0000] {manager.py:879} INFO - 
================================================================================
DAG File Processing Stats

File Path                              PID    Runtime      # DAGs    # Errors  Last Runtime    Last Run
-------------------------------------  -----  ---------  --------  ----------  --------------  -------------------
/opt/airflow/dags/scrape_this_site.py                           0           1  0.04s           2024-03-09T01:26:05
================================================================================
[2024-03-09T01:26:41.736+0000] {manager.py:879} INFO - 
================================================================================
DAG File Processing Stats

File Path                              PID    Runtime      # DAGs    # Errors  Last Runtime    Last Run
-------------------------------------  -----  ---------  --------  ----------  --------------  -------------------
/opt/airflow/dags/scrape_this_site.py                           0           1  0.04s           2024-03-09T01:26:35
================================================================================
[2024-03-09T01:27:11.887+0000] {manager.py:879} INFO - 
================================================================================
DAG File Processing Stats

File Path                              PID    Runtime      # DAGs    # Errors  Last Runtime    Last Run
-------------------------------------  -----  ---------  --------  ----------  --------------  -------------------
/opt/airflow/dags/scrape_this_site.py                           0           1  0.06s           2024-03-09T01:26:56
================================================================================
[2024-03-09T01:27:42.027+0000] {manager.py:879} INFO - 
================================================================================
DAG File Processing Stats

File Path                              PID    Runtime      # DAGs    # Errors  Last Runtime    Last Run
-------------------------------------  -----  ---------  --------  ----------  --------------  -------------------
/opt/airflow/dags/scrape_this_site.py                           0           1  0.04s           2024-03-09T01:27:26
================================================================================
[2024-03-09T01:28:12.171+0000] {manager.py:879} INFO - 
================================================================================
DAG File Processing Stats

File Path                              PID    Runtime      # DAGs    # Errors  Last Runtime    Last Run
-------------------------------------  -----  ---------  --------  ----------  --------------  -------------------
/opt/airflow/dags/scrape_this_site.py                           0           1  0.04s           2024-03-09T01:27:53
================================================================================
[2024-03-09T01:28:42.312+0000] {manager.py:879} INFO - 
================================================================================
DAG File Processing Stats

File Path                              PID    Runtime      # DAGs    # Errors  Last Runtime    Last Run
-------------------------------------  -----  ---------  --------  ----------  --------------  -------------------
/opt/airflow/dags/scrape_this_site.py                           0           1  0.04s           2024-03-09T01:28:23
================================================================================
[2024-03-09T01:29:12.452+0000] {manager.py:879} INFO - 
================================================================================
DAG File Processing Stats

File Path                              PID    Runtime      # DAGs    # Errors  Last Runtime    Last Run
-------------------------------------  -----  ---------  --------  ----------  --------------  -------------------
/opt/airflow/dags/scrape_this_site.py                           0           1  0.04s           2024-03-09T01:28:53
================================================================================
[2024-03-09T01:29:42.582+0000] {manager.py:879} INFO - 
================================================================================
DAG File Processing Stats

File Path                              PID    Runtime      # DAGs    # Errors  Last Runtime    Last Run
-------------------------------------  -----  ---------  --------  ----------  --------------  -------------------
/opt/airflow/dags/scrape_this_site.py                           0           1  0.04s           2024-03-09T01:29:23
================================================================================
[2024-03-09T01:30:12.715+0000] {manager.py:879} INFO - 
================================================================================
DAG File Processing Stats

File Path                              PID    Runtime      # DAGs    # Errors  Last Runtime    Last Run
-------------------------------------  -----  ---------  --------  ----------  --------------  -------------------
/opt/airflow/dags/scrape_this_site.py                           0           1  0.04s           2024-03-09T01:29:53
================================================================================
[2024-03-09T01:30:42.847+0000] {manager.py:879} INFO - 
================================================================================
DAG File Processing Stats

File Path                              PID    Runtime      # DAGs    # Errors  Last Runtime    Last Run
-------------------------------------  -----  ---------  --------  ----------  --------------  -------------------
/opt/airflow/dags/scrape_this_site.py                           0           1  0.04s           2024-03-09T01:30:23
================================================================================
[2024-03-09T01:31:08.966+0000] {manager.py:738} INFO - Searching for files in /opt/airflow/dags
[2024-03-09T01:31:08.978+0000] {manager.py:741} INFO - There are 1 files in /opt/airflow/dags
[2024-03-09T01:31:13.006+0000] {manager.py:879} INFO - 
================================================================================
DAG File Processing Stats

File Path                              PID    Runtime      # DAGs    # Errors  Last Runtime    Last Run
-------------------------------------  -----  ---------  --------  ----------  --------------  -------------------
/opt/airflow/dags/scrape_this_site.py                           0           1  0.04s           2024-03-09T01:30:53
================================================================================
[2024-03-09T01:31:43.147+0000] {manager.py:879} INFO - 
================================================================================
DAG File Processing Stats

File Path                              PID    Runtime      # DAGs    # Errors  Last Runtime    Last Run
-------------------------------------  -----  ---------  --------  ----------  --------------  -------------------
/opt/airflow/dags/scrape_this_site.py                           0           1  0.04s           2024-03-09T01:31:24
================================================================================
[2024-03-09T01:32:13.292+0000] {manager.py:879} INFO - 
================================================================================
DAG File Processing Stats

File Path                              PID    Runtime      # DAGs    # Errors  Last Runtime    Last Run
-------------------------------------  -----  ---------  --------  ----------  --------------  -------------------
/opt/airflow/dags/scrape_this_site.py                           0           1  0.04s           2024-03-09T01:31:54
================================================================================
[2024-03-09T01:32:43.428+0000] {manager.py:879} INFO - 
================================================================================
DAG File Processing Stats

File Path                              PID    Runtime      # DAGs    # Errors  Last Runtime    Last Run
-------------------------------------  -----  ---------  --------  ----------  --------------  -------------------
/opt/airflow/dags/scrape_this_site.py                           0           1  0.04s           2024-03-09T01:32:24
================================================================================
[2024-03-09T01:33:13.565+0000] {manager.py:879} INFO - 
================================================================================
DAG File Processing Stats

File Path                              PID    Runtime      # DAGs    # Errors  Last Runtime    Last Run
-------------------------------------  -----  ---------  --------  ----------  --------------  -------------------
/opt/airflow/dags/scrape_this_site.py                           0           1  0.05s           2024-03-09T01:32:54
================================================================================
[2024-03-09T01:33:43.702+0000] {manager.py:879} INFO - 
================================================================================
DAG File Processing Stats

File Path                              PID    Runtime      # DAGs    # Errors  Last Runtime    Last Run
-------------------------------------  -----  ---------  --------  ----------  --------------  -------------------
/opt/airflow/dags/scrape_this_site.py                           0           1  0.04s           2024-03-09T01:33:24
================================================================================
[2024-03-09T01:34:13.839+0000] {manager.py:879} INFO - 
================================================================================
DAG File Processing Stats

File Path                              PID    Runtime      # DAGs    # Errors  Last Runtime    Last Run
-------------------------------------  -----  ---------  --------  ----------  --------------  -------------------
/opt/airflow/dags/scrape_this_site.py                           0           1  0.04s           2024-03-09T01:33:54
================================================================================
[2024-03-09T01:34:43.978+0000] {manager.py:879} INFO - 
================================================================================
DAG File Processing Stats

File Path                              PID    Runtime      # DAGs    # Errors  Last Runtime    Last Run
-------------------------------------  -----  ---------  --------  ----------  --------------  -------------------
/opt/airflow/dags/scrape_this_site.py                           0           1  0.04s           2024-03-09T01:34:24
================================================================================
[2024-03-09T01:35:14.144+0000] {manager.py:879} INFO - 
================================================================================
DAG File Processing Stats

File Path                              PID    Runtime      # DAGs    # Errors  Last Runtime    Last Run
-------------------------------------  -----  ---------  --------  ----------  --------------  -------------------
/opt/airflow/dags/scrape_this_site.py                           0           1  0.04s           2024-03-09T01:35:12
================================================================================
[2024-03-09T01:35:44.319+0000] {manager.py:879} INFO - 
================================================================================
DAG File Processing Stats

File Path                              PID    Runtime      # DAGs    # Errors  Last Runtime    Last Run
-------------------------------------  -----  ---------  --------  ----------  --------------  -------------------
/opt/airflow/dags/scrape_this_site.py                           0           1  0.04s           2024-03-09T01:35:42
================================================================================
[2024-03-09T01:36:09.428+0000] {manager.py:738} INFO - Searching for files in /opt/airflow/dags
[2024-03-09T01:36:09.439+0000] {manager.py:741} INFO - There are 1 files in /opt/airflow/dags
[2024-03-09T01:36:14.485+0000] {manager.py:879} INFO - 
================================================================================
DAG File Processing Stats

File Path                              PID    Runtime      # DAGs    # Errors  Last Runtime    Last Run
-------------------------------------  -----  ---------  --------  ----------  --------------  -------------------
/opt/airflow/dags/scrape_this_site.py                           0           1  0.05s           2024-03-09T01:36:12
================================================================================
[2024-03-09T01:36:44.617+0000] {manager.py:879} INFO - 
================================================================================
DAG File Processing Stats

File Path                              PID    Runtime      # DAGs    # Errors  Last Runtime    Last Run
-------------------------------------  -----  ---------  --------  ----------  --------------  -------------------
/opt/airflow/dags/scrape_this_site.py                           0           1  0.04s           2024-03-09T01:36:42
================================================================================
[2024-03-09T01:36:54.685+0000] {manager.py:1129} WARNING - Skipping processing of missing file: /opt/airflow/dags/scrape_this_site.py
[2024-03-09T01:39:29.470+0000] {manager.py:451} INFO - Exiting gracefully upon receiving signal 15
